[debug] [2021-12-28T18:13:16.866Z] ----------------------------------------------------------------------
[debug] [2021-12-28T18:13:16.873Z] Command:       C:\Program Files\nodejs\node.exe C:\Users\murat\AppData\Roaming\npm\node_modules\firebase-tools\lib\bin\firebase.js init
[debug] [2021-12-28T18:13:16.874Z] CLI Version:   10.0.1
[debug] [2021-12-28T18:13:16.874Z] Platform:      win32
[debug] [2021-12-28T18:13:16.875Z] Node Version:  v14.17.6
[debug] [2021-12-28T18:13:16.877Z] Time:          Tue Dec 28 2021 21:13:16 GMT+0300 (Arabistan Standart Saati)
[debug] [2021-12-28T18:13:16.877Z] ----------------------------------------------------------------------
[debug] 
[debug] [2021-12-28T18:13:17.034Z] > command requires scopes: ["email","openid","https://www.googleapis.com/auth/cloudplatformprojects.readonly","https://www.googleapis.com/auth/firebase","https://www.googleapis.com/auth/cloud-platform"]
[debug] [2021-12-28T18:13:17.034Z] > authorizing via signed-in user (muratcansahin10@gmail.com)
[info] 
     ######## #### ########  ######## ########     ###     ######  ########
     ##        ##  ##     ## ##       ##     ##  ##   ##  ##       ##
     ######    ##  ########  ######   ########  #########  ######  ######
     ##        ##  ##    ##  ##       ##     ## ##     ##       ## ##
     ##       #### ##     ## ######## ########  ##     ##  ######  ########

You're about to initialize a Firebase project in this directory:

  C:\Users\murat\sites\Facebook-Clone

Before we get started, keep in mind:

  * You are initializing within an existing Firebase project directory

[info] 
=== Project Setup
[info] 
[info] First, let's associate this project directory with a Firebase project.
[info] You can create multiple project aliases by running firebase use --add, 
[info] but for now we'll just set up a default project.
[info] 
[debug] [2021-12-28T18:13:27.395Z] Using project from CLI flag: facebook-clone-b4d1f
[debug] [2021-12-28T18:13:27.404Z] >>> [apiv2][query] GET https://firebase.googleapis.com/v1beta1/projects/facebook-clone-b4d1f [none]
[debug] [2021-12-28T18:13:27.919Z] <<< [apiv2][status] GET https://firebase.googleapis.com/v1beta1/projects/facebook-clone-b4d1f 200
[debug] [2021-12-28T18:13:27.920Z] <<< [apiv2][body] GET https://firebase.googleapis.com/v1beta1/projects/facebook-clone-b4d1f {"projectId":"facebook-clone-b4d1f","projectNumber":"145797979015","displayName":"FACEBOOK-CLONE","name":"projects/facebook-clone-b4d1f","resources":{"hostingSite":"facebook-clone-b4d1f","storageBucket":"facebook-clone-b4d1f.appspot.com","locationId":"us-central"},"state":"ACTIVE"}
[info] i  Using project facebook-clone-b4d1f (FACEBOOK-CLONE) 
[info] 
=== Hosting Setup
[info] 
[info] Your public directory is the folder (relative to your project directory) that
[info] will contain Hosting assets to be uploaded with firebase deploy. If you
[info] have a build process for your assets, use your build's output directory.
[info] 
[debug] [2021-12-28T18:14:04.905Z] >>> [apiv2][query] GET https://www.gstatic.com/firebasejs/releases.json [none]
[debug] [2021-12-28T18:14:05.168Z] <<< [apiv2][status] GET https://www.gstatic.com/firebasejs/releases.json 200
[debug] [2021-12-28T18:14:05.168Z] <<< [apiv2][body] GET https://www.gstatic.com/firebasejs/releases.json {"current":{"version":"9.6.1","browserURL":"https://www.gstatic.com/firebasejs/9.6.1/firebase.js","packageURL":"https://www.gstatic.com/firebasejs/9.6.1/firebase.tgz"},"live":{"version":"9.6","browserURL":"https://www.gstatic.com/firebasejs/live/9.6/firebase.js","packageURL":"https://www.gstatic.com/firebasejs/live/9.6/firebase.tgz"},"components":{"analytics":"https://www.gstatic.com/firebasejs/9.6.1/firebase-analytics.js","app":"https://www.gstatic.com/firebasejs/9.6.1/firebase-app.js","app-check":"https://www.gstatic.com/firebasejs/9.6.1/firebase-app-check.js","auth":"https://www.gstatic.com/firebasejs/9.6.1/firebase-auth.js","auth/cordova":"https://www.gstatic.com/firebasejs/9.6.1/firebase-auth/cordova.js","auth/react-native":"https://www.gstatic.com/firebasejs/9.6.1/firebase-auth/react-native.js","functions":"https://www.gstatic.com/firebasejs/9.6.1/firebase-functions.js","firestore":"https://www.gstatic.com/firebasejs/9.6.1/firebase-firestore.js","firestore/lite":"https://www.gstatic.com/firebasejs/9.6.1/firebase-firestore/lite.js","storage":"https://www.gstatic.com/firebasejs/9.6.1/firebase-storage.js","performance":"https://www.gstatic.com/firebasejs/9.6.1/firebase-performance.js","remote-config":"https://www.gstatic.com/firebasejs/9.6.1/firebase-remote-config.js","messaging":"https://www.gstatic.com/firebasejs/9.6.1/firebase-messaging.js","messaging/sw":"https://www.gstatic.com/firebasejs/9.6.1/firebase-messaging/sw.js","database":"https://www.gstatic.com/firebasejs/9.6.1/firebase-database.js","firestore.memory":"https://www.gstatic.com/firebasejs/9.6.1/firebase-firestore.memory.js"}}
[info] +  Wrote build /index.html 
[info] 
[info] i  Detected a .git folder at C:\Users\murat\sites\Facebook-Clone 
[info] i  Authorizing with GitHub to upload your service account to a GitHub repository's secrets store. 
[info] 
[info] Visit this URL on this device to log in:
[info] https://github.com/login/oauth/authorize?client_id=89cf50f02ac6aaed3484&state=14751663&redirect_uri=http%3A%2F%2Flocalhost%3A9005&scope=read%3Auser%20repo%20public_repo
[info] 
[info] Waiting for authentication...
[debug] [2021-12-28T18:14:13.211Z] >>> HTTP REQUEST POST https://github.com/login/oauth/access_token  
 {"client_id":"89cf50f02ac6aaed3484","client_secret":"3330d14abc895d9a74d5f17cd7a00711fa2c5bf0","code":"2246f233a9db201b68e9","redirect_uri":"http://localhost:9005","state":"14751663"}
[debug] [2021-12-28T18:14:13.640Z] <<< HTTP RESPONSE 200 {"server":"GitHub.com","date":"Tue, 28 Dec 2021 18:14:14 GMT","content-type":"application/json; charset=utf-8","transfer-encoding":"chunked","vary":"X-PJAX, X-PJAX-Container, Accept-Encoding, Accept, X-Requested-With","permissions-policy":"interest-cohort=()","etag":"W/\"c1db204b20c04e27311a004fead416b7\"","cache-control":"max-age=0, private, must-revalidate","strict-transport-security":"max-age=31536000; includeSubdomains; preload","x-frame-options":"deny","x-content-type-options":"nosniff","x-xss-protection":"0","referrer-policy":"origin-when-cross-origin, strict-origin-when-cross-origin","expect-ct":"max-age=2592000, report-uri=\"https://api.github.com/_private/browser/errors\"","content-security-policy":"default-src 'none'; base-uri 'self'; block-all-mixed-content; child-src github.com/assets-cdn/worker/ gist.github.com/assets-cdn/worker/; connect-src 'self' uploads.github.com objects-origin.githubusercontent.com www.githubstatus.com collector.githubapp.com api.github.com github-cloud.s3.amazonaws.com github-production-repository-file-5c1aeb.s3.amazonaws.com github-production-upload-manifest-file-7fdce7.s3.amazonaws.com github-production-user-asset-6210df.s3.amazonaws.com cdn.optimizely.com logx.optimizely.com/v1/events translator.github.com wss://alive.github.com; font-src github.githubassets.com; form-action 'self' github.com gist.github.com objects-origin.githubusercontent.com; frame-ancestors 'none'; frame-src render.githubusercontent.com viewscreen.githubusercontent.com notebooks.githubusercontent.com; img-src 'self' data: github.githubassets.com identicons.github.com collector.githubapp.com github-cloud.s3.amazonaws.com secured-user-images.githubusercontent.com/ *.githubusercontent.com; manifest-src 'self'; media-src github.com user-images.githubusercontent.com/; script-src github.githubassets.com; style-src 'unsafe-inline' github.githubassets.com; worker-src github.com/assets-cdn/worker/ gist.github.com/assets-cdn/worker/","x-github-request-id":"B887:4BB4:309DDA5:32F73AE:61CB53F5"}
[debug] [2021-12-28T18:14:13.655Z] >>> [apiv2][query] GET https://api.github.com/user [none]
[debug] [2021-12-28T18:14:14.110Z] <<< [apiv2][status] GET https://api.github.com/user 200
[debug] [2021-12-28T18:14:14.110Z] <<< [apiv2][body] GET https://api.github.com/user {"login":"muratcansahn","id":22106880,"node_id":"MDQ6VXNlcjIyMTA2ODgw","avatar_url":"https://avatars.githubusercontent.com/u/22106880?v=4","gravatar_id":"","url":"https://api.github.com/users/muratcansahn","html_url":"https://github.com/muratcansahn","followers_url":"https://api.github.com/users/muratcansahn/followers","following_url":"https://api.github.com/users/muratcansahn/following{/other_user}","gists_url":"https://api.github.com/users/muratcansahn/gists{/gist_id}","starred_url":"https://api.github.com/users/muratcansahn/starred{/owner}{/repo}","subscriptions_url":"https://api.github.com/users/muratcansahn/subscriptions","organizations_url":"https://api.github.com/users/muratcansahn/orgs","repos_url":"https://api.github.com/users/muratcansahn/repos","events_url":"https://api.github.com/users/muratcansahn/events{/privacy}","received_events_url":"https://api.github.com/users/muratcansahn/received_events","type":"User","site_admin":false,"name":null,"company":null,"blog":"","location":null,"email":null,"hireable":null,"bio":null,"twitter_username":null,"public_repos":33,"public_gists":0,"followers":9,"following":13,"created_at":"2016-09-09T20:42:41Z","updated_at":"2021-12-27T20:04:56Z","private_gists":0,"total_private_repos":3,"owned_private_repos":3,"disk_usage":181953,"collaborators":1,"two_factor_authentication":false,"plan":{"name":"free","space":976562499,"collaborators":0,"private_repos":10000}}
[info] 
[info] +  Success! Logged into GitHub as muratcansahn 
[info] 
